c:\users\alex\documents\tyrantproject\tyrantproject\projects\engine\debug\engine_debug.pch
c:\users\alex\documents\tyrantproject\tyrantproject\projects\engine\debug\vc120.pdb
c:\users\alex\documents\tyrantproject\tyrantproject\projects\engine\debug\vc120.idb
c:\users\alex\documents\tyrantproject\tyrantproject\projects\engine\debug\stdafx.obj
c:\users\alex\documents\tyrantproject\tyrantproject\projects\engine\debug\textfont.obj
c:\users\alex\documents\tyrantproject\tyrantproject\projects\engine\debug\fontcontainer.obj
c:\users\alex\documents\tyrantproject\tyrantproject\projects\engine\debug\effecttext2d.obj
c:\users\alex\documents\tyrantproject\tyrantproject\projects\engine\debug\effectcontainer.obj
c:\users\alex\documents\tyrantproject\tyrantproject\projects\engine\debug\animation.obj
c:\users\alex\documents\tyrantproject\tyrantproject\projects\engine\debug\effectdata.obj
c:\users\alex\documents\tyrantproject\tyrantproject\projects\engine\debug\modelloader.obj
c:\users\alex\documents\tyrantproject\tyrantproject\projects\engine\debug\directx.obj
c:\users\alex\documents\tyrantproject\tyrantproject\projects\engine\debug\texture.obj
c:\users\alex\documents\tyrantproject\tyrantproject\projects\engine\debug\engine.obj
c:\users\alex\documents\tyrantproject\tyrantproject\projects\engine\debug\effect.obj
c:\users\alex\documents\tyrantproject\tyrantproject\projects\engine\debug\text3d.obj
c:\users\alex\documents\tyrantproject\tyrantproject\projects\engine\debug\effect2d.obj
c:\users\alex\documents\tyrantproject\tyrantproject\projects\engine\debug\model.obj
c:\users\alex\documents\tyrantproject\tyrantproject\projects\engine\debug\effectanimation.obj
c:\users\alex\documents\tyrantproject\tyrantproject\projects\engine\debug\text2d.obj
c:\users\alex\documents\tyrantproject\tyrantproject\projects\engine\debug\camera.obj
c:\users\alex\documents\tyrantproject\tyrantproject\projects\engine\debug\surface.obj
c:\users\alex\documents\tyrantproject\tyrantproject\projects\engine\debug\instance.obj
c:\users\alex\documents\tyrantproject\tyrantproject\projects\engine\debug\effecttext3d.obj
c:\users\alex\documents\tyrantproject\tyrantproject\projects\engine\debug\texturecontainer.obj
c:\users\alex\documents\tyrantproject\tyrantproject\projects\libraryfiles\engine\animationshader.cso
c:\users\alex\documents\tyrantproject\tyrantproject\projects\libraryfiles\engine\cardshader.cso
c:\users\alex\documents\tyrantproject\tyrantproject\projects\libraryfiles\engine\defaultshader.cso
c:\users\alex\documents\tyrantproject\tyrantproject\projects\libraryfiles\engine\spriteshader.cso
c:\users\alex\documents\tyrantproject\tyrantproject\projects\libraryfiles\engine\spritewrapshader.cso
c:\users\alex\documents\tyrantproject\tyrantproject\projects\libraryfiles\engine\textshader2d.cso
c:\users\alex\documents\tyrantproject\tyrantproject\projects\libraryfiles\engine\notextureshader.cso
c:\users\alex\documents\tyrantproject\tyrantproject\projects\libraryfiles\engine\textshader3d.cso
c:\users\alex\documents\tyrantproject\tyrantproject\projects\libraryfiles\engine\shadersamplerstates.cso
c:\users\alex\documents\tyrantproject\tyrantproject\projects\libraryfiles\engine\shadervariables.cso
c:\users\alex\documents\tyrantproject\tyrantproject\projects\libraryfiles\engine\vertexcolorshader2d.cso
c:\users\alex\documents\tyrantproject\tyrantproject\projects\libraryfiles\engine\vertexcolorshader3d.cso
c:\users\alex\documents\tyrantproject\tyrantproject\projects\libraryfiles\engine\engine_debug.lib
c:\users\alex\documents\tyrantproject\tyrantproject\projects\launcher\..\libraryfiles\engine\engine_debug.lib
c:\users\alex\documents\tyrantproject\tyrantproject\projects\engine\debug\engine.tlog\cl.command.1.tlog
c:\users\alex\documents\tyrantproject\tyrantproject\projects\engine\debug\engine.tlog\cl.read.1.tlog
c:\users\alex\documents\tyrantproject\tyrantproject\projects\engine\debug\engine.tlog\cl.write.1.tlog
c:\users\alex\documents\tyrantproject\tyrantproject\projects\engine\debug\engine.tlog\engine.write.1u.tlog
c:\users\alex\documents\tyrantproject\tyrantproject\projects\engine\debug\engine.tlog\lib-link.read.1.tlog
c:\users\alex\documents\tyrantproject\tyrantproject\projects\engine\debug\engine.tlog\lib-link.write.1.tlog
c:\users\alex\documents\tyrantproject\tyrantproject\projects\engine\debug\engine.tlog\lib.command.1.tlog
