c:\users\alex\documents\tyrantproject\tyrantproject\projects\game\game\release\game_release.pch
c:\users\alex\documents\tyrantproject\tyrantproject\projects\game\game\release\vc120.pdb
c:\users\alex\documents\tyrantproject\tyrantproject\projects\game\game\release\stdafx.obj
c:\users\alex\documents\tyrantproject\tyrantproject\projects\game\game\release\antiairability.obj
c:\users\alex\documents\tyrantproject\tyrantproject\projects\game\game\release\cardfactory.obj
c:\users\alex\documents\tyrantproject\tyrantproject\projects\game\game\release\healability.obj
c:\users\alex\documents\tyrantproject\tyrantproject\projects\game\game\release\rallyability.obj
c:\users\alex\documents\tyrantproject\tyrantproject\projects\game\game\release\strikeability.obj
c:\users\alex\documents\tyrantproject\tyrantproject\projects\game\game\release\wallability.obj
c:\users\alex\documents\tyrantproject\tyrantproject\projects\game\game\release\abilitybase.obj
c:\users\alex\documents\tyrantproject\tyrantproject\projects\game\game\release\card.obj
c:\users\alex\documents\tyrantproject\tyrantproject\projects\game\game\release\cardgametextmanager.obj
c:\users\alex\documents\tyrantproject\tyrantproject\projects\game\game\release\crushability.obj
c:\users\alex\documents\tyrantproject\tyrantproject\projects\game\game\release\basestate.obj
c:\users\alex\documents\tyrantproject\tyrantproject\projects\game\game\release\player.obj
c:\users\alex\documents\tyrantproject\tyrantproject\projects\game\game\release\siphonability.obj
c:\users\alex\documents\tyrantproject\tyrantproject\projects\game\game\release\weakenability.obj
c:\users\alex\documents\tyrantproject\tyrantproject\projects\game\game\release\abilitystack.obj
c:\users\alex\documents\tyrantproject\tyrantproject\projects\game\game\release\berserkability.obj
c:\users\alex\documents\tyrantproject\tyrantproject\projects\game\game\release\cardgamemanager.obj
c:\users\alex\documents\tyrantproject\tyrantproject\projects\game\game\release\counterability.obj
c:\users\alex\documents\tyrantproject\tyrantproject\projects\game\game\release\game.obj
c:\users\alex\documents\tyrantproject\tyrantproject\projects\game\game\release\pierceability.obj
c:\users\alex\documents\tyrantproject\tyrantproject\projects\game\game\release\siegeability.obj
c:\users\alex\documents\tyrantproject\tyrantproject\projects\game\game\release\tinyxml2.obj
c:\users\alex\documents\tyrantproject\tyrantproject\projects\game\game\release\xmlreader.obj
c:\users\alex\documents\tyrantproject\tyrantproject\projects\game\game\release\animationmanager.obj
c:\users\alex\documents\tyrantproject\tyrantproject\projects\game\game\release\armorability.obj
c:\users\alex\documents\tyrantproject\tyrantproject\projects\game\game\release\cardgamestate.obj
c:\users\alex\documents\tyrantproject\tyrantproject\projects\game\game\release\cardhand.obj
c:\users\alex\documents\tyrantproject\tyrantproject\projects\game\game\release\flyingability.obj
c:\users\alex\documents\tyrantproject\tyrantproject\projects\game\game\release\leechability.obj
c:\users\alex\documents\tyrantproject\tyrantproject\projects\game\game\release\refreshability.obj
c:\users\alex\documents\tyrantproject\tyrantproject\projects\game\game\release\summonability.obj
c:\users\alex\documents\tyrantproject\tyrantproject\projects\game\game\release\xmlfunctions.obj
c:\users\alex\documents\tyrantproject\tyrantproject\projects\libraryfiles\game\game_release.lib
c:\users\alex\documents\tyrantproject\tyrantproject\projects\launcher\..\libraryfiles\game\game_release.lib
c:\users\alex\documents\tyrantproject\tyrantproject\projects\game\game\release\game.tlog\cl.command.1.tlog
c:\users\alex\documents\tyrantproject\tyrantproject\projects\game\game\release\game.tlog\cl.read.1.tlog
c:\users\alex\documents\tyrantproject\tyrantproject\projects\game\game\release\game.tlog\cl.write.1.tlog
c:\users\alex\documents\tyrantproject\tyrantproject\projects\game\game\release\game.tlog\lib-link.read.1.tlog
c:\users\alex\documents\tyrantproject\tyrantproject\projects\game\game\release\game.tlog\lib-link.write.1.tlog
c:\users\alex\documents\tyrantproject\tyrantproject\projects\game\game\release\game.tlog\lib.command.1.tlog
