c:\users\alex\documents\tyrantproject\tyrantproject\projects\game\game\debug\game_debug.pch
c:\users\alex\documents\tyrantproject\tyrantproject\projects\game\game\debug\vc120.pdb
c:\users\alex\documents\tyrantproject\tyrantproject\projects\game\game\debug\vc120.idb
c:\users\alex\documents\tyrantproject\tyrantproject\projects\game\game\debug\stdafx.obj
c:\users\alex\documents\tyrantproject\tyrantproject\projects\game\game\debug\cardgamemanager.obj
c:\users\alex\documents\tyrantproject\tyrantproject\projects\game\game\debug\immobilizeability.obj
c:\users\alex\documents\tyrantproject\tyrantproject\projects\game\game\debug\siegeability.obj
c:\users\alex\documents\tyrantproject\tyrantproject\projects\game\game\debug\augumentability.obj
c:\users\alex\documents\tyrantproject\tyrantproject\projects\game\game\debug\flyingability.obj
c:\users\alex\documents\tyrantproject\tyrantproject\projects\game\game\debug\refreshability.obj
c:\users\alex\documents\tyrantproject\tyrantproject\projects\game\game\debug\cardgamecameramanager.obj
c:\users\alex\documents\tyrantproject\tyrantproject\projects\game\game\debug\crushability.obj
c:\users\alex\documents\tyrantproject\tyrantproject\projects\game\game\debug\legionability.obj
c:\users\alex\documents\tyrantproject\tyrantproject\projects\game\game\debug\tinyxml2.obj
c:\users\alex\documents\tyrantproject\tyrantproject\projects\game\game\debug\berserkability.obj
c:\users\alex\documents\tyrantproject\tyrantproject\projects\game\game\debug\flurryability.obj
c:\users\alex\documents\tyrantproject\tyrantproject\projects\game\game\debug\protectability.obj
c:\users\alex\documents\tyrantproject\tyrantproject\projects\game\game\debug\abilitybase.obj
c:\users\alex\documents\tyrantproject\tyrantproject\projects\game\game\debug\pierceability.obj
c:\users\alex\documents\tyrantproject\tyrantproject\projects\game\game\debug\weakenability.obj
c:\users\alex\documents\tyrantproject\tyrantproject\projects\game\game\debug\cardfactory.obj
c:\users\alex\documents\tyrantproject\tyrantproject\projects\game\game\debug\regenerateability.obj
c:\users\alex\documents\tyrantproject\tyrantproject\projects\game\game\debug\xmlreader.obj
c:\users\alex\documents\tyrantproject\tyrantproject\projects\game\game\debug\armorability.obj
c:\users\alex\documents\tyrantproject\tyrantproject\projects\game\game\debug\fearability.obj
c:\users\alex\documents\tyrantproject\tyrantproject\projects\game\game\debug\guipopupwindow.obj
c:\users\alex\documents\tyrantproject\tyrantproject\projects\game\game\debug\summonability.obj
c:\users\alex\documents\tyrantproject\tyrantproject\projects\game\game\debug\card.obj
c:\users\alex\documents\tyrantproject\tyrantproject\projects\game\game\debug\jamability.obj
c:\users\alex\documents\tyrantproject\tyrantproject\projects\game\game\debug\swipeability.obj
c:\users\alex\documents\tyrantproject\tyrantproject\projects\game\game\debug\antiairability.obj
c:\users\alex\documents\tyrantproject\tyrantproject\projects\game\game\debug\fps_counter.obj
c:\users\alex\documents\tyrantproject\tyrantproject\projects\game\game\debug\player.obj
c:\users\alex\documents\tyrantproject\tyrantproject\projects\game\game\debug\cardgamestate.obj
c:\users\alex\documents\tyrantproject\tyrantproject\projects\game\game\debug\guiwindow.obj
c:\users\alex\documents\tyrantproject\tyrantproject\projects\game\game\debug\stunability.obj
c:\users\alex\documents\tyrantproject\tyrantproject\projects\game\game\debug\cleanseability.obj
c:\users\alex\documents\tyrantproject\tyrantproject\projects\game\game\debug\basestate.obj
c:\users\alex\documents\tyrantproject\tyrantproject\projects\game\game\debug\leechability.obj
c:\users\alex\documents\tyrantproject\tyrantproject\projects\game\game\debug\wallability.obj
c:\users\alex\documents\tyrantproject\tyrantproject\projects\game\game\debug\abilitystack.obj
c:\users\alex\documents\tyrantproject\tyrantproject\projects\game\game\debug\guimanager.obj
c:\users\alex\documents\tyrantproject\tyrantproject\projects\game\game\debug\strikeability.obj
c:\users\alex\documents\tyrantproject\tyrantproject\projects\game\game\debug\counterability.obj
c:\users\alex\documents\tyrantproject\tyrantproject\projects\game\game\debug\game.obj
c:\users\alex\documents\tyrantproject\tyrantproject\projects\game\game\debug\siphonability.obj
c:\users\alex\documents\tyrantproject\tyrantproject\projects\game\game\debug\animationmanager.obj
c:\users\alex\documents\tyrantproject\tyrantproject\projects\game\game\debug\diseaseability.obj
c:\users\alex\documents\tyrantproject\tyrantproject\projects\game\game\debug\poisonability.obj
c:\users\alex\documents\tyrantproject\tyrantproject\projects\game\game\debug\xmlfunctions.obj
c:\users\alex\documents\tyrantproject\tyrantproject\projects\game\game\debug\cardgametextmanager.obj
c:\users\alex\documents\tyrantproject\tyrantproject\projects\game\game\debug\enfeebleability.obj
c:\users\alex\documents\tyrantproject\tyrantproject\projects\game\game\debug\rallyability.obj
c:\users\alex\documents\tyrantproject\tyrantproject\projects\game\game\debug\cardhand.obj
c:\users\alex\documents\tyrantproject\tyrantproject\projects\game\game\debug\healability.obj
c:\users\alex\documents\tyrantproject\tyrantproject\projects\game\game\debug\supplyability.obj
c:\users\alex\documents\tyrantproject\tyrantproject\projects\libraryfiles\game\game_debug.lib
c:\users\alex\documents\tyrantproject\tyrantproject\projects\launcher\..\libraryfiles\game\game_debug.lib
c:\users\alex\documents\tyrantproject\tyrantproject\projects\game\game\debug\game.tlog\cl.command.1.tlog
c:\users\alex\documents\tyrantproject\tyrantproject\projects\game\game\debug\game.tlog\cl.read.1.tlog
c:\users\alex\documents\tyrantproject\tyrantproject\projects\game\game\debug\game.tlog\cl.write.1.tlog
c:\users\alex\documents\tyrantproject\tyrantproject\projects\game\game\debug\game.tlog\lib-link.read.1.tlog
c:\users\alex\documents\tyrantproject\tyrantproject\projects\game\game\debug\game.tlog\lib-link.write.1.tlog
c:\users\alex\documents\tyrantproject\tyrantproject\projects\game\game\debug\game.tlog\lib.command.1.tlog
